<?xml version="1.0" encoding="UTF-8"?>
<!-- Generated by org.testng.reporters.JUnitReportReporter -->
<testsuite hostname="DESKTOP-QRJISKF" failures="0" tests="2" name="homework3.LoginTest" time="15.270" errors="0" timestamp="2023-07-20T14:59:57 CDT" skipped="0">
  <testcase classname="homework3.LoginTest" name="login" time="3.689"/>
  <system-out/>
  <testcase classname="homework3.LoginTest" name="addcustmer" time="11.581"/>
  <system-out/>
</testsuite> <!-- homework3.LoginTest -->
